0 info it worked if it ends with ok
1 verbose cli [ '/Users/SteveTseng/.nvm/versions/node/v6.1.0/bin/node',
1 verbose cli   '/Users/SteveTseng/.nvm/versions/node/v6.1.0/bin/npm',
1 verbose cli   'start' ]
2 info using npm@3.8.6
3 info using node@v6.1.0
4 verbose run-script [ 'prestart', 'start', 'poststart' ]
5 info lifecycle slick@1.0.0~prestart: slick@1.0.0
6 silly lifecycle slick@1.0.0~prestart: no script for prestart, continuing
7 info lifecycle slick@1.0.0~start: slick@1.0.0
8 verbose lifecycle slick@1.0.0~start: unsafe-perm in lifecycle true
9 verbose lifecycle slick@1.0.0~start: PATH: /Users/SteveTseng/.nvm/versions/node/v6.1.0/lib/node_modules/npm/bin/node-gyp-bin:/Users/SteveTseng/slick/node_modules/.bin:/Users/SteveTseng/.nvm/versions/node/v6.1.0/bin:/Users/SteveTseng/.nvm/versions/node/v6.1.0/bin:/usr/local/bin:/usr/bin:/bin:/usr/sbin:/sbin
10 verbose lifecycle slick@1.0.0~start: CWD: /Users/SteveTseng/slick
11 silly lifecycle slick@1.0.0~start: Args: [ '-c', 'Procfile.txt' ]
12 info lifecycle slick@1.0.0~start: Failed to exec start script
13 verbose stack Error: slick@1.0.0 start: `Procfile.txt`
13 verbose stack spawn ENOENT
13 verbose stack     at ChildProcess.<anonymous> (/Users/SteveTseng/.nvm/versions/node/v6.1.0/lib/node_modules/npm/lib/utils/spawn.js:17:16)
13 verbose stack     at emitTwo (events.js:106:13)
13 verbose stack     at ChildProcess.emit (events.js:191:7)
13 verbose stack     at maybeClose (internal/child_process.js:850:16)
13 verbose stack     at Process.ChildProcess._handle.onexit (internal/child_process.js:215:5)
14 verbose pkgid slick@1.0.0
15 verbose cwd /Users/SteveTseng/slick
16 error Darwin 15.6.0
17 error argv "/Users/SteveTseng/.nvm/versions/node/v6.1.0/bin/node" "/Users/SteveTseng/.nvm/versions/node/v6.1.0/bin/npm" "start"
18 error node v6.1.0
19 error npm  v3.8.6
20 error file sh
21 error code ELIFECYCLE
22 error errno ENOENT
23 error syscall spawn
24 error slick@1.0.0 start: `Procfile.txt`
24 error spawn ENOENT
25 error Failed at the slick@1.0.0 start script 'Procfile.txt'.
25 error Make sure you have the latest version of node.js and npm installed.
25 error If you do, this is most likely a problem with the slick package,
25 error not with npm itself.
25 error Tell the author that this fails on your system:
25 error     Procfile.txt
25 error You can get information on how to open an issue for this project with:
25 error     npm bugs slick
25 error Or if that isn't available, you can get their info via:
25 error     npm owner ls slick
25 error There is likely additional logging output above.
26 verbose exit [ 1, true ]
